<?xml version="1.0" encoding="UTF-8"?>
<testng-results skipped="0" failed="0" total="1" passed="1">
  <reporter-output>
  </reporter-output>
  <suite name="Default suite" duration-ms="27387" started-at="2017-12-31T14:53:39Z" finished-at="2017-12-31T14:54:06Z">
    <groups>
    </groups>
    <test name="Default test" duration-ms="27387" started-at="2017-12-31T14:53:39Z" finished-at="2017-12-31T14:54:06Z">
      <class name="Demo1.Test3">
        <test-method status="PASS" signature="Eef()[pri:0, instance:Demo1.Test3@59f99ea]" name="Eef" is-config="true" duration-ms="27371" started-at="2017-12-31T22:53:39Z" finished-at="2017-12-31T22:54:06Z">
          <reporter-output>
          </reporter-output>
        </test-method> <!-- Eef -->
        <test-method status="PASS" signature="Test1()[pri:0, instance:Demo1.Test3@59f99ea]" name="Test1" duration-ms="3" started-at="2017-12-31T22:54:06Z" finished-at="2017-12-31T22:54:06Z">
          <reporter-output>
          </reporter-output>
        </test-method> <!-- Test1 -->
      </class> <!-- Demo1.Test3 -->
    </test> <!-- Default test -->
  </suite> <!-- Default suite -->
</testng-results>
