<?xml version="1.0" encoding="UTF-8"?>
<testng-results skipped="0" failed="0" total="2" passed="2">
  <reporter-output>
  </reporter-output>
  <suite name="Default suite" duration-ms="122713" started-at="2017-12-28T09:42:02Z" finished-at="2017-12-28T09:44:05Z">
    <groups>
    </groups>
    <test name="Default test" duration-ms="122713" started-at="2017-12-28T09:42:02Z" finished-at="2017-12-28T09:44:05Z">
      <class name="MdvrTest.Day1">
        <test-method status="PASS" signature="Bef()[pri:0, instance:MdvrTest.Day1@3e6fa38a]" name="Bef" is-config="true" duration-ms="10429" started-at="2017-12-28T17:42:02Z" finished-at="2017-12-28T17:42:13Z">
          <reporter-output>
          </reporter-output>
        </test-method> <!-- Bef -->
        <test-method status="PASS" signature="Method()[pri:0, instance:MdvrTest.Day1@3e6fa38a]" name="Method" is-config="true" duration-ms="20" started-at="2017-12-28T17:42:13Z" finished-at="2017-12-28T17:42:13Z">
          <reporter-output>
          </reporter-output>
        </test-method> <!-- Method -->
        <test-method status="PASS" signature="Loginn()[pri:0, instance:MdvrTest.Day1@3e6fa38a]" name="Loginn" duration-ms="27723" started-at="2017-12-28T17:42:13Z" finished-at="2017-12-28T17:42:40Z">
          <reporter-output>
          </reporter-output>
        </test-method> <!-- Loginn -->
        <test-method status="PASS" signature="Method()[pri:0, instance:MdvrTest.Day1@3e6fa38a]" name="Method" is-config="true" duration-ms="4" started-at="2017-12-28T17:42:40Z" finished-at="2017-12-28T17:42:40Z">
          <reporter-output>
          </reporter-output>
        </test-method> <!-- Method -->
        <test-method status="PASS" signature="Loginn2()[pri:0, instance:MdvrTest.Day1@3e6fa38a]" name="Loginn2" duration-ms="83478" started-at="2017-12-28T17:42:40Z" finished-at="2017-12-28T17:44:04Z">
          <reporter-output>
          </reporter-output>
        </test-method> <!-- Loginn2 -->
        <test-method status="PASS" signature="tearDown()[pri:0, instance:MdvrTest.Day1@3e6fa38a]" name="tearDown" is-config="true" duration-ms="1048" started-at="2017-12-28T17:44:04Z" finished-at="2017-12-28T17:44:05Z">
          <reporter-output>
          </reporter-output>
        </test-method> <!-- tearDown -->
      </class> <!-- MdvrTest.Day1 -->
    </test> <!-- Default test -->
  </suite> <!-- Default suite -->
</testng-results>
