<?xml version="1.0" encoding="utf-8" standalone="no"?>
<!--This file represents the results of running a test suite-->
<test-results name="D:\us\c+4\NC-Test\NC-Test\bin\Debug\NC-Test.dll" total="2" errors="0" failures="2" not-run="0" inconclusive="0" ignored="0" skipped="0" invalid="0" date="2017-07-19" time="22:45:51">
  <environment nunit-version="2.6.3.13283" clr-version="2.0.50727.8669" os-version="Microsoft Windows NT 6.1.7601 Service Pack 1" platform="Win32NT" cwd="J:\Tool\辅助工具xunlei\NUnit-2.6.3 GUI Tools\bin" machine-name="MS-20170311COUD" user="Administrator" user-domain="MS-20170311COUD" />
  <culture-info current-culture="zh-CN" current-uiculture="zh-CN" />
  <test-suite type="Assembly" name="D:\us\c+4\NC-Test\NC-Test\bin\Debug\NC-Test.dll" executed="True" result="Failure" success="False" time="0.015" asserts="0">
    <results>
      <test-suite type="Namespace" name="NC_Test" executed="True" result="Failure" success="False" time="0.014" asserts="0">
        <results>
          <test-suite type="Namespace" name="_002Nc_Alac" executed="True" result="Failure" success="False" time="0.014" asserts="0">
            <results>
              <test-suite type="TestFixture" name="Alac_Test01" executed="True" result="Failure" success="False" time="0.013" asserts="0">
                <results>
                  <test-case name="NC_Test._002Nc_Alac.Alac_Test01.Channe" executed="True" result="Failure" success="False" time="0.001" asserts="0">
                    <failure>
                      <message><![CDATA[  Expected: 1
  But was:  2
]]></message>
                      <stack-trace><![CDATA[在 NC_Test._002Nc_Alac.Alac_Test01.Channe() 位置 D:\us\c+4\NC-Test\NC-Test\002Nc-Alac\Alac-Test01.cs:行号 34
]]></stack-trace>
                    </failure>
                  </test-case>
                  <test-case name="NC_Test._002Nc_Alac.Alac_Test01.Channe2" executed="True" result="Failure" success="False" time="0.001" asserts="0">
                    <failure>
                      <message><![CDATA[  Expected: 1
  But was:  2
]]></message>
                      <stack-trace><![CDATA[在 NC_Test._002Nc_Alac.Alac_Test01.Channe2() 位置 D:\us\c+4\NC-Test\NC-Test\002Nc-Alac\Alac-Test01.cs:行号 43
]]></stack-trace>
                    </failure>
                  </test-case>
                </results>
              </test-suite>
            </results>
          </test-suite>
        </results>
      </test-suite>
    </results>
  </test-suite>
</test-results>